<?xml version="1.0" encoding="UTF-8"?>
<!-- Generated by org.testng.reporters.JUnitReportReporter -->
<testsuite hostname="LAPTOP-VT12L034" failures="0" tests="1" name="testpkg.fbtitletest" time="1.858" errors="0" timestamp="2024-04-24T12:51:07 IST" skipped="0">
  <testcase classname="testpkg.fbtitletest" name="createlinktest" time="1.858"/>
  <system-out/>
</testsuite> <!-- testpkg.fbtitletest -->
