<?xml version="1.0" encoding="UTF-8"?>
<!-- Generated by org.testng.reporters.JUnitReportReporter -->
<testsuite hostname="LAPTOP-VT12L034" failures="0" tests="1" name="testngpkg.T1Test" time="4.567" errors="0" timestamp="2024-04-29T12:45:13 IST" skipped="0">
  <testcase classname="testngpkg.T1Test" name="t1" time="4.567"/>
  <system-out/>
</testsuite> <!-- testngpkg.T1Test -->
