<?xml version="1.0" encoding="UTF-8"?>
<!-- Generated by org.testng.reporters.JUnitReportReporter -->
<testsuite hostname="LAPTOP-VT12L034" failures="0" tests="1" name="testngpkg.fblogintest" time="0.183" errors="0" timestamp="2024-04-24T12:16:36 IST" skipped="0">
  <testcase classname="testngpkg.fblogintest" name="test" time="0.183"/>
  <system-out/>
</testsuite> <!-- testngpkg.fblogintest -->
