<?xml version="1.0" encoding="UTF-8"?>
<!-- Generated by org.testng.reporters.JUnitReportReporter -->
<testsuite hostname="LAPTOP-VT12L034" failures="0" tests="1" name="testngpkg.Notificationdisable" time="7.780" errors="0" timestamp="2024-04-18T12:30:51 IST" skipped="0">
  <testcase classname="testngpkg.Notificationdisable" name="test" time="7.780"/>
  <system-out/>
</testsuite> <!-- testngpkg.Notificationdisable -->
