<?xml version="1.0" encoding="UTF-8"?>
<!-- Generated by org.testng.reporters.JUnitReportReporter -->
<testsuite hostname="LAPTOP-VT12L034" failures="0" tests="1" name="testngpkg.Filkeuploadtextfeild" time="0.168" errors="0" timestamp="2024-04-16T12:43:40 IST" skipped="0">
  <testcase classname="testngpkg.Filkeuploadtextfeild" name="fileupload" time="0.168"/>
  <system-out/>
</testsuite> <!-- testngpkg.Filkeuploadtextfeild -->
