<?xml version="1.0" encoding="UTF-8"?>
<!-- Generated by org.testng.reporters.JUnitReportReporter -->
<testsuite hostname="LAPTOP-VT12L034" failures="0" tests="1" name="testngpkg.Robotfileupload" time="10.342" errors="0" timestamp="2024-04-17T11:53:53 IST" skipped="0">
  <testcase classname="testngpkg.Robotfileupload" name="fileuploadpgm" time="10.342"/>
  <system-out/>
</testsuite> <!-- testngpkg.Robotfileupload -->
