<?xml version="1.0" encoding="UTF-8"?>
<!-- Generated by org.testng.reporters.JUnitReportReporter -->
<testsuite hostname="LAPTOP-VT12L034" failures="0" tests="1" name="testngpkg.Facebooklogintestng" time="0.174" errors="0" timestamp="2024-04-09T11:56:03 IST" skipped="0">
  <testcase classname="testngpkg.Facebooklogintestng" name="test" time="0.174"/>
  <system-out/>
</testsuite> <!-- testngpkg.Facebooklogintestng -->
