<?xml version="1.0" encoding="UTF-8"?>
<!-- Generated by org.testng.reporters.JUnitReportReporter -->
<testsuite hostname="LAPTOP-VT12L034" failures="0" tests="1" name="testngpkg.Loginvalidation" time="7.621" errors="0" timestamp="2024-04-16T12:17:31 IST" skipped="0">
  <testcase classname="testngpkg.Loginvalidation" name="loginvalidation" time="7.621"/>
  <system-out/>
</testsuite> <!-- testngpkg.Loginvalidation -->
