<?xml version="1.0" encoding="UTF-8"?>
<!-- Generated by org.testng.reporters.JUnitReportReporter -->
<testsuite hostname="LAPTOP-VT12L034" failures="0" tests="1" name="testngpkg.Datadriventest" time="6.997" errors="0" timestamp="2024-04-19T12:31:09 IST" skipped="0">
  <testcase classname="testngpkg.Datadriventest" name="test" time="6.997"/>
  <system-out/>
</testsuite> <!-- testngpkg.Datadriventest -->
