<?xml version="1.0" encoding="UTF-8"?>
<!-- Generated by org.testng.reporters.JUnitReportReporter -->
<testsuite hostname="LAPTOP-VT12L034" failures="0" tests="5" name="testngpkg.Testngdemo" time="0.014" errors="0" timestamp="2024-04-08T12:13:56 IST" skipped="1">
  <testcase classname="testngpkg.Testngdemo" name="test2" time="0.002"/>
  <system-out/>
  <testcase classname="testngpkg.Testngdemo" name="test2" time="0.002"/>
  <system-out/>
  <testcase classname="testngpkg.Testngdemo" name="test2" time="0.009"/>
  <system-out/>
  <testcase classname="testngpkg.Testngdemo" name="test3" time="0.001"/>
  <system-out/>
  <testcase classname="testngpkg.Testngdemo" name="test1">
    <skipped/>
  </testcase> <!-- test1 -->
  <system-out/>
</testsuite> <!-- testngpkg.Testngdemo -->
