<?xml version="1.0" encoding="UTF-8"?>
<!-- Generated by org.testng.reporters.JUnitReportReporter -->
<testsuite hostname="LAPTOP-VT12L034" failures="0" tests="1" name="testngpkg.Datepicker" time="33.565" errors="0" timestamp="2024-04-23T12:43:16 IST" skipped="0">
  <testcase classname="testngpkg.Datepicker" name="test" time="33.565"/>
  <system-out/>
</testsuite> <!-- testngpkg.Datepicker -->
