<?xml version="1.0" encoding="UTF-8"?>
<!-- Generated by org.testng.reporters.JUnitReportReporter -->
<testsuite hostname="LAPTOP-VT12L034" failures="0" tests="3" name="testngpkg.Crossbrowsertest" time="4.916" errors="0" timestamp="2024-04-09T12:25:00 IST" skipped="0">
  <testcase classname="testngpkg.Crossbrowsertest" name="test" time="1.278"/>
  <system-out/>
  <testcase classname="testngpkg.Crossbrowsertest" name="test" time="1.314"/>
  <system-out/>
  <testcase classname="testngpkg.Crossbrowsertest" name="test" time="2.324"/>
  <system-out/>
</testsuite> <!-- testngpkg.Crossbrowsertest -->
