<?xml version="1.0" encoding="UTF-8"?>
<!-- Generated by org.testng.reporters.JUnitReportReporter -->
<testsuite hostname="LAPTOP-VT12L034" failures="0" tests="4" name="testngpkg.Groupingtestng" time="0.012" errors="0" timestamp="2024-04-08T12:47:12 IST" skipped="0">
  <testcase classname="testngpkg.Groupingtestng" name="test1" time="0.010"/>
  <system-out/>
  <testcase classname="testngpkg.Groupingtestng" name="test3" time="0.000"/>
  <system-out/>
  <testcase classname="testngpkg.Groupingtestng" name="test2" time="0.001"/>
  <system-out/>
  <testcase classname="testngpkg.Groupingtestng" name="test5" time="0.001"/>
  <system-out/>
</testsuite> <!-- testngpkg.Groupingtestng -->
